\BOOKMARK [0][]{chapter*.1}{\376\377\144\130\000\040\000\040\000\040\000\040\211\201}{}% 1
\BOOKMARK [0][]{chapter*.2}{\376\377\000A\000B\000S\000T\000R\000A\000C\000T\377\010\202\361\145\207\144\130\211\201\377\011}{}% 2
\BOOKMARK [0][]{chapter.1}{\376\377\0001\000\040\176\352\213\272}{}% 3
\BOOKMARK [1][]{section.1.1}{\376\377\0001\000.\0001\000\040\170\024\172\166\200\314\146\157}{chapter.1}% 4
\BOOKMARK [1][]{section.1.2}{\376\377\0001\000.\0002\000\040\170\024\172\166\121\205\133\271\123\312\213\272\145\207\176\323\147\204}{chapter.1}% 5
\BOOKMARK [0][]{chapter.2}{\376\377\0002\000\040\127\120\150\007\174\373\217\154\143\142\116\016\000F\000l\000i\000g\000h\000t\000G\000e\000a\000r\116\313\176\315}{}% 6
\BOOKMARK [1][]{section.2.1}{\376\377\0002\000.\0001\000\040\127\120\150\007\174\373\217\154\143\142\0004}{chapter.2}% 7
\BOOKMARK [2][]{subsection.2.1.1}{\376\377\0002\000.\0001\000.\0001\000\040\145\313\217\154\167\351\226\065\164\006\213\272\127\372\170\100}{section.2.1}% 8
\BOOKMARK [2][]{subsection.2.1.2}{\376\377\0002\000.\0001\000.\0002\000\040\126\333\145\313\177\374\145\313\217\154\167\351\226\065}{section.2.1}% 9
\BOOKMARK [2][]{subsection.2.1.3}{\376\377\0002\000.\0001\000.\0003\000\040\000C\000o\000r\000i\000o\000l\000i\000s\121\154\137\017}{section.2.1}% 10
\BOOKMARK [1][]{section.2.2}{\376\377\0002\000.\0002\000\040\000F\000l\000i\000g\000h\000t\000G\000e\000a\000r\217\157\116\366\116\313\176\315}{chapter.2}% 11
\BOOKMARK [2][]{subsection.2.2.1}{\376\377\0002\000.\0002\000.\0001\000\040\000F\000l\000i\000g\000h\000t\000G\000e\000a\000r\172\013\136\217\147\266\147\204}{section.2.2}% 12
\BOOKMARK [2][]{subsection.2.2.2}{\376\377\0002\000.\0002\000.\0002\000\040\000\040\000F\000l\000i\000g\000h\000t\000G\000e\000a\000r\000\040\217\320\210\114\155\101\172\013}{section.2.2}% 13
\BOOKMARK [0][]{chapter.3}{\376\377\0003\000\040\126\333\145\313\177\374\145\340\116\272\147\072\230\336\143\247\136\372\152\041}{}% 14
\BOOKMARK [1][]{section.3.1}{\376\377\0003\000.\0001\000\040\230\336\210\114\144\107\147\106\145\160\143\156\117\040\121\145}{chapter.3}% 15
\BOOKMARK [1][]{section.3.2}{\376\377\0003\000.\0002\000\040\126\333\145\313\177\374\230\336\143\247\136\372\152\041\0004}{chapter.3}% 16
\BOOKMARK [2][]{subsection.3.2.1}{\376\377\0003\000.\0002\000.\0001\000\040\126\333\145\313\177\374\123\330\221\317}{section.3.2}% 17
\BOOKMARK [2][]{subsection.3.2.2}{\376\377\0003\000.\0002\000.\0002\000\040\126\333\145\313\177\374\121\155\201\352\165\061\136\246\230\336\210\114\122\250\122\233\133\146\136\372\152\041}{section.3.2}% 18
\BOOKMARK [2][]{subsection.3.2.3}{\376\377\0003\000.\0002\000.\0003\000\040\152\041\127\213\154\102\211\343}{section.3.2}% 19
\BOOKMARK [1][]{section.3.3}{\376\377\0003\000.\0003\000\040\116\011\176\364\211\306\146\157\174\373\176\337}{chapter.3}% 20
\BOOKMARK [0][]{chapter.4}{\376\377\0004\000\040\126\372\133\232\177\374\145\340\116\272\147\072\230\336\143\247\136\372\152\041}{}% 21
\BOOKMARK [1][]{section.4.1}{\376\377\0004\000.\0001\000\040\000J\000S\000B\000S\000i\000m\116\313\176\315}{chapter.4}% 22
\BOOKMARK [1][]{section.4.2}{\376\377\0004\000.\0002\000\040\000J\000S\000B\000S\000i\000m\230\336\210\114\122\250\122\233\133\146\152\041\127\213}{chapter.4}% 23
\BOOKMARK [0][]{chapter.5}{\376\377\0005\000\040\000F\000l\000i\000g\000h\000t\000G\000e\000a\000r\116\377\167\037\145\110\147\234}{}% 24
\BOOKMARK [1][]{section.5.1}{\376\377\0005\000.\0001\000\040\000F\000l\000i\000g\000h\000t\000G\000e\000a\000r\230\336\210\114\152\041\142\337\126\150\232\161\122\250}{chapter.5}% 25
\BOOKMARK [2][]{subsection.5.1.1}{\376\377\0005\000.\0001\000.\0001\000\040\230\336\210\114\152\041\142\337\126\150\217\175\121\145\123\312\221\115\177\156}{section.5.1}% 26
\BOOKMARK [2][]{subsection.5.1.2}{\376\377\0005\000.\0001\000.\0002\000\040\230\336\210\114\126\150\152\041\127\213\166\204\122\250\117\134}{section.5.1}% 27
\BOOKMARK [2][]{subsection.5.1.3}{\376\377\0005\000.\0001\000.\0003\000\040\220\032\117\341\152\041\127\127}{section.5.1}% 28
\BOOKMARK [1][]{section.5.2}{\376\377\0005\000.\0002\000\040\000F\000l\000i\000g\000h\000t\000G\000e\000a\000r\116\377\167\037\133\236\163\260}{chapter.5}% 29
\BOOKMARK [2][]{subsection.5.2.1}{\376\377\0005\000.\0002\000.\0001\000\040\230\336\210\114\116\377\167\037\121\167\117\123\133\236\145\275\217\307\172\013}{section.5.2}% 30
\BOOKMARK [2][]{subsection.5.2.2}{\376\377\0005\000.\0002\000.\0002\000\040\116\377\167\037\145\110\147\234}{section.5.2}% 31
\BOOKMARK [0][]{chapter.6}{\376\377\0006\000\040\140\073\176\323\116\016\134\125\147\033}{}% 32
\BOOKMARK [1][]{section.6.1}{\376\377\0006\000.\0001\000\040\121\150\145\207\140\073\176\323}{chapter.6}% 33
\BOOKMARK [1][]{section.6.2}{\376\377\0006\000.\0002\000\040\133\371\147\052\147\145\135\345\117\134\166\204\134\125\147\033}{chapter.6}% 34
\BOOKMARK [0][]{Item.30}{\376\377\123\302\200\003\145\207\163\056}{}% 35
\BOOKMARK [0][]{chapter*.4}{\376\377\201\364\214\042}{}% 36
\BOOKMARK [0][]{chapter*.5}{\376\377\153\325\116\032\213\276\213\241\134\017\176\323}{}% 37
