This is TeX, Version 3.14159 (MiKTeX 2 UP 1) (preloaded format=latex 2000.11.28)  5 FEB 2009 19:53
**The*Coming*Oil*Crisis.tex
(The Coming Oil Crisis.tex
LaTeX2e <2000/06/01>
Babel <v3.6Z> and hyphenation patterns for english, french, german, ngerman, du
mylang, nohyphenation, loaded.
(D:\PROGRA~1\latex\ctex\MiKTeX\TeXMF\tex\latex\base\article.cls
Document Class: article 2000/05/19 v1.4b Standard LaTeX document class
(D:\PROGRA~1\latex\ctex\MiKTeX\TeXMF\tex\latex\base\size12.clo
File: size12.clo 2000/05/19 v1.4b Standard LaTeX file (size option)
)
\c@part=\count79
\c@section=\count80
\c@subsection=\count81
\c@subsubsection=\count82
\c@paragraph=\count83
\c@subparagraph=\count84
\c@figure=\count85
\c@table=\count86
\abovecaptionskip=\skip41
\belowcaptionskip=\skip42
\bibindent=\dimen102
)
(D:\PROGRA~1\latex\ctex\MiKTeX\TeXMF\tex\latex\amslatex\amsmath.sty
Package: amsmath 2000/06/06 v2.12 AMS math features
\@mathmargin=\skip43

For additional information on amsmath, use the `?' option.
(D:\PROGRA~1\latex\ctex\MiKTeX\TeXMF\tex\latex\amslatex\amstext.sty
Package: amstext 1999/11/15 v2.0

(D:\PROGRA~1\latex\ctex\MiKTeX\TeXMF\tex\latex\amslatex\amsgen.sty
File: amsgen.sty 1999/11/30 v2.0
\@emptytoks=\toks14
\ex@=\dimen103
))
(D:\PROGRA~1\latex\ctex\MiKTeX\TeXMF\tex\latex\amslatex\amsbsy.sty
Package: amsbsy 1999/11/29 v1.2d
\pmbraise@=\dimen104
)
(D:\PROGRA~1\latex\ctex\MiKTeX\TeXMF\tex\latex\amslatex\amsopn.sty
Package: amsopn 1999/12/14 v2.01 operator names
)
\inf@bad=\count87
LaTeX Info: Redefining \frac on input line 211.
\uproot@=\count88
\leftroot@=\count89
LaTeX Info: Redefining \overline on input line 307.
\classnum@=\count90
\DOTSCASE@=\count91
LaTeX Info: Redefining \ldots on input line 379.
LaTeX Info: Redefining \dots on input line 382.
LaTeX Info: Redefining \cdots on input line 467.
\Mathstrutbox@=\box26
\strutbox@=\box27
\big@size=\dimen105
LaTeX Font Info:    Redeclaring font encoding OML on input line 567.
LaTeX Font Info:    Redeclaring font encoding OMS on input line 568.
\macc@depth=\count92
\c@MaxMatrixCols=\count93
\dotsspace@=\muskip10
\c@parentequation=\count94
\dspbrk@lvl=\count95
\tag@help=\toks15
\row@=\count96
\column@=\count97
\maxfields@=\count98
\andhelp@=\toks16
\eqnshift@=\dimen106
\alignsep@=\dimen107
\tagshift@=\dimen108
\tagwidth@=\dimen109
\totwidth@=\dimen110
\lineht@=\dimen111
\@envbody=\toks17
\multlinegap=\skip44
\multlinetaggap=\skip45
\mathdisplay@stack=\toks18
LaTeX Info: Redefining \[ on input line 2662.
LaTeX Info: Redefining \] on input line 2663.
)
(D:\PROGRA~1\latex\ctex\MiKTeX\TeXMF\tex\latex\base\latexsym.sty
Package: latexsym 1998/08/17 v2.2e Standard LaTeX package (lasy symbols)
\symlasy=\mathgroup4
LaTeX Font Info:    Overwriting symbol font `lasy' in version `bold'
(Font)                  U/lasy/m/n --> U/lasy/b/n on input line 42.
)
(D:\PROGRA~1\latex\ctex\MiKTeX\TeXMF\tex\latex\amsfonts\amssymb.sty
Package: amssymb 1996/11/03 v2.2b

(D:\PROGRA~1\latex\ctex\MiKTeX\TeXMF\tex\latex\amsfonts\amsfonts.sty
Package: amsfonts 1997/09/17 v2.2e
\symAMSa=\mathgroup5
\symAMSb=\mathgroup6
LaTeX Font Info:    Overwriting math alphabet `\mathfrak' in version `bold'
(Font)                  U/euf/m/n --> U/euf/b/n on input line 133.
))
(D:\PROGRA~1\latex\ctex\MiKTeX\LocalTeXMF\tex\latex\fancyhdr\fancyhdr.sty
\headwidth=\dimen112
)
(D:\PROGRA~1\latex\ctex\MiKTeX\TeXMF\tex\latex\tools\array.sty
Package: array 1998/05/13 v2.3m Tabular extension package (FMi)
\col@sep=\dimen113
\extrarowheight=\dimen114
\NC@list=\toks19
\extratabsurround=\skip46
\backup@length=\skip47
)
(D:\PROGRA~1\latex\ctex\MiKTeX\TeXMF\tex\latex\graphics\graphicx.sty
Package: graphicx 1999/02/16 v1.0f Enhanced LaTeX Graphics (DPC,SPQR)

(D:\PROGRA~1\latex\ctex\MiKTeX\TeXMF\tex\latex\graphics\keyval.sty
Package: keyval 1999/03/16 v1.13 key=value parser (DPC)
\KV@toks@=\toks20
)
(D:\PROGRA~1\latex\ctex\MiKTeX\TeXMF\tex\latex\graphics\graphics.sty
Package: graphics 1999/02/16 v1.0l Standard LaTeX Graphics (DPC,SPQR)

(D:\PROGRA~1\latex\ctex\MiKTeX\TeXMF\tex\latex\graphics\trig.sty
Package: trig 1999/03/16 v1.09 sin cos tan (DPC)
)
(D:\PROGRA~1\latex\ctex\MiKTeX\TeXMF\tex\latex\miktex\graphics.cfg)
Package graphics Info: Driver file: dvips.def on input line 80.

(D:\PROGRA~1\latex\ctex\MiKTeX\TeXMF\tex\latex\graphics\dvips.def
File: dvips.def 1999/02/16 v3.0i Driver-dependant file (DPC,SPQR)
))
\Gin@req@height=\dimen115
\Gin@req@width=\dimen116
)
(D:\PROGRA~1\latex\ctex\MiKTeX\LocalTeXMF\tex\latex\ltxmisc\picinpar.sty
Pictures in Paragraphs. Version 1.2a, July 13, 1993
\br=\count99
\bl=\count100
\na=\count101
\nb=\count102
\tcdsav=\count103
\tcl=\count104
\tcd=\count105
\tcn=\count106
\cumtcl=\count107
\cumpartcl=\count108
\lftside=\dimen117
\rtside=\dimen118
\hpic=\dimen119
\vpic=\dimen120
\strutilg=\dimen121
\picwd=\dimen122
\topheight=\dimen123
\ilg=\dimen124
\lpic=\dimen125
\lwindowsep=\dimen126
\rwindowsep=\dimen127
\cumpar=\dimen128
\twa=\toks21
\la=\toks22
\ra=\toks23
\ha=\toks24
\pictoc=\toks25
\rawtext=\box28
\holder=\box29
\windowbox=\box30
\wartext=\box31
\finaltext=\box32
\aslice=\box33
\bslice=\box34
\wbox=\box35
\wstrutbox=\box36
\picbox=\box37
\waslice=\box38
\wbslice=\box39
\fslice=\box40
) (D:\PROGRA~1\latex\ctex\MiKTeX\LocalTeXMF\tex\latex\clatex\emlines2.sty)
(D:\PROGRA~1\latex\ctex\MiKTeX\TeXMF\tex\generic\dvips\epsf.sty
This is `epsf.tex' v2.7 <25 October 1996>
\epsffilein=\read1
\epsfframemargin=\dimen129
\epsfframethickness=\dimen130
\epsfrsize=\dimen131
\epsftmp=\dimen132
\epsftsize=\dimen133
\epsfxsize=\dimen134
\epsfysize=\dimen135
\pspoints=\dimen136
) (D:\PROGRA~1\latex\ctex\MiKTeX\TeXMF\tex\latex\graphics\color.sty
Package: color 1999/02/16 v1.0i Standard LaTeX Color (DPC)

(D:\PROGRA~1\latex\ctex\MiKTeX\TeXMF\tex\latex\miktex\color.cfg)
Package color Info: Driver file: dvips.def on input line 125.

(D:\PROGRA~1\latex\ctex\MiKTeX\TeXMF\tex\latex\graphics\dvipsnam.def
File: dvipsnam.def 1999/02/16 v3.0i Driver-dependant file (DPC,SPQR)
))
(D:\PROGRA~1\latex\ctex\MiKTeX\LocalTeXMF\tex\latex\titlesec\titlesec.sty
Package: titlesec 2000/06/14 v2.3.5 Sectioning titles
\ttl@box=\box41
\titlewidth=\dimen137
)
(D:\PROGRA~1\latex\ctex\MiKTeX\LocalTeXMF\tex\latex\lastpage\lastpage.sty
Package: lastpage 1994/06/25 v0.1b LaTeX2e package for refs to last page number
 (JPG)
)
(The Coming Oil Crisis.aux)
LaTeX Font Info:    Checking defaults for OML/cmm/m/it on input line 20.
LaTeX Font Info:    ... okay on input line 20.
LaTeX Font Info:    Checking defaults for T1/cmr/m/n on input line 20.
LaTeX Font Info:    ... okay on input line 20.
LaTeX Font Info:    Checking defaults for OT1/cmr/m/n on input line 20.
LaTeX Font Info:    ... okay on input line 20.
LaTeX Font Info:    Checking defaults for OMS/cmsy/m/n on input line 20.
LaTeX Font Info:    ... okay on input line 20.
LaTeX Font Info:    Checking defaults for OMX/cmex/m/n on input line 20.
LaTeX Font Info:    ... okay on input line 20.
LaTeX Font Info:    Checking defaults for U/cmr/m/n on input line 20.
LaTeX Font Info:    ... okay on input line 20.
LaTeX Font Info:    Try loading font information for U+lasy on input line 28.

(D:\PROGRA~1\latex\ctex\MiKTeX\TeXMF\tex\latex\base\ulasy.fd
File: ulasy.fd 1998/08/17 v2.2eLaTeX symbol font definitions
)
LaTeX Font Info:    Try loading font information for U+msa on input line 28.

(D:\PROGRA~1\latex\ctex\MiKTeX\TeXMF\tex\latex\amsfonts\umsa.fd
File: umsa.fd 1995/01/05 v2.2e AMS font definitions
)
LaTeX Font Info:    Try loading font information for U+msb on input line 28.

(D:\PROGRA~1\latex\ctex\MiKTeX\TeXMF\tex\latex\amsfonts\umsb.fd
File: umsb.fd 1995/01/05 v2.2e AMS font definitions
) [1

]
Runaway argument?
! Paragraph ended before \setlength was complete.
<to be read again> 
                   \par 
l.32 
     
? 
[1] (The Coming Oil Crisis.toc
Overfull \vbox (2.49998pt too high) has occurred while \output is active []


[1])
\tf@toc=\write3

Overfull \vbox (2.49998pt too high) has occurred while \output is active []


[2]
Overfull \vbox (2.49998pt too high) has occurred while \output is active []


[3]
Overfull \vbox (2.49998pt too high) has occurred while \output is active []


[4]
! Missing $ inserted.
<inserted text> 
                $
l.243 ...\ \ \ \ \ \ \ \ \ \ \begin{cases}
                                          
? 
! Missing $ inserted.
<inserted text> 
                $
l.247 \end{cases}
                 
? 
! Missing $ inserted.
<inserted text> 
                $
l.264 ...\ \ \ \ \ \ \ \ \ \ \begin{cases}
                                          
? 
! Missing $ inserted.
<inserted text> 
                $
l.274 \end{cases}
                 
? 

Overfull \vbox (2.49998pt too high) has occurred while \output is active []


[5]
File: fig01.eps Graphic file (type eps)
 <fig01.eps>
Overfull \vbox (2.49998pt too high) has occurred while \output is active []


[6]
File: fig02.eps Graphic file (type eps)
 <fig02.eps>
Overfull \vbox (2.49998pt too high) has occurred while \output is active []


[7]
Overfull \vbox (2.49998pt too high) has occurred while \output is active []


[8]
File: fig03.eps Graphic file (type eps)
 <fig03.eps>
Overfull \vbox (2.49998pt too high) has occurred while \output is active []


[9]

! LaTeX Error: Command \vardesc already defined.
               Or name \end... illegal, see p.192 of the manual.

See the LaTeX manual or LaTeX Companion for explanation.
Type  H <return>  for immediate help.
 ...                                      
                                          
l.526 ...}{#1\ } \makebox[0pt][r]{#1\ }}{}
                                          
? 

Overfull \vbox (2.49998pt too high) has occurred while \output is active []


[10]

! LaTeX Error: Command \vardesc already defined.
               Or name \end... illegal, see p.192 of the manual.

See the LaTeX manual or LaTeX Companion for explanation.
Type  H <return>  for immediate help.
 ...                                      
                                          
l.583 ...}{#1\ } \makebox[0pt][r]{#1\ }}{}
                                          
? 
File: fig04.eps Graphic file (type eps)
<fig04.eps>
Overfull \vbox (2.49998pt too high) has occurred while \output is active []


[11]
File: fig05.eps Graphic file (type eps)
 <fig05.eps>

! LaTeX Error: Command \vardesc already defined.
               Or name \end... illegal, see p.192 of the manual.

See the LaTeX manual or LaTeX Companion for explanation.
Type  H <return>  for immediate help.
 ...                                      
                                          
l.659 ...}{#1\ } \makebox[0pt][r]{#1\ }}{}
                                          
? 

Overfull \vbox (2.49998pt too high) has occurred while \output is active []


[12]
Overfull \vbox (2.49998pt too high) has occurred while \output is active []


[13]

! LaTeX Error: Command \vardesc already defined.
               Or name \end... illegal, see p.192 of the manual.

See the LaTeX manual or LaTeX Companion for explanation.
Type  H <return>  for immediate help.
 ...                                      
                                          
l.733 ...}{#1\ } \makebox[0pt][r]{#1\ }}{}
                                          
? 
File: fig06.eps Graphic file (type eps)
<fig06.eps>
Overfull \vbox (2.49998pt too high) has occurred while \output is active []


[14]

! LaTeX Error: Command \vardesc already defined.
               Or name \end... illegal, see p.192 of the manual.

See the LaTeX manual or LaTeX Companion for explanation.
Type  H <return>  for immediate help.
 ...                                      
                                          
l.806 ...}{#1\ } \makebox[0pt][r]{#1\ }}{}
                                          
? 

Overfull \vbox (2.49998pt too high) has occurred while \output is active []


[15]
! Missing delimiter (. inserted).
<to be read again> 
                   \gdef 
l.855 ...n \end{array}\right\end{equation}
                                          
? 

! LaTeX Error: Command \vardesc already defined.
               Or name \end... illegal, see p.192 of the manual.

See the LaTeX manual or LaTeX Companion for explanation.
Type  H <return>  for immediate help.
 ...                                      
                                          
l.858 ...}{#1\ } \makebox[0pt][r]{#1\ }}{}
                                          
? 

Overfull \vbox (2.49998pt too high) has occurred while \output is active []


[16]
File: fig07.eps Graphic file (type eps)
 <fig07.eps>
Overfull \vbox (2.49998pt too high) has occurred while \output is active []


[17]
! Too many }'s.
l.944 'Security' Policy for Oil}
                                 We believe that the problem of oil
? 
! Extra }, or forgotten $.
l.979 ...}{ll}\sum^{n}_{i=1}x_{i}(t)=d(t)}
                                          }\\
? 
! Extra }, or forgotten $.
l.979 ...{ll}\sum^{n}_{i=1}x_{i}(t)=d(t)}}
                                          \\
? 
! Missing delimiter (. inserted).
<to be read again> 
                   \gdef 
l.982 \end{equation}
                    
? 

Overfull \vbox (2.49998pt too high) has occurred while \output is active []


[18]
Overfull \vbox (2.49998pt too high) has occurred while \output is active []


[19]
Overfull \vbox (2.49998pt too high) has occurred while \output is active []


[20]
Overfull \vbox (2.49998pt too high) has occurred while \output is active []


[21]
File: fig08.eps Graphic file (type eps)
 <fig08.eps>
Overfull \vbox (2.49998pt too high) has occurred while \output is active []


[22]
Overfull \vbox (2.49998pt too high) has occurred while \output is active []


[23]
File: fig09.eps Graphic file (type eps)
 <fig09.eps>
Overfull \vbox (2.49998pt too high) has occurred while \output is active []


[24]
Overfull \vbox (2.49998pt too high) has occurred while \output is active []


[25]
Overfull \vbox (2.49998pt too high) has occurred while \output is active []


[26]
Overfull \vbox (2.49998pt too high) has occurred while \output is active []


[27]
Missing character: There is no ¨ in font cmr12!
 AED: lastpage setting LastPage
Overfull \vbox (2.49998pt too high) has occurred while \output is active []


[28] (The Coming Oil Crisis.aux) )
Output written on "The Coming Oil Crisis.dvi" (30 pages, 105088 bytes).
