This is TeX, Version 3.14159 (MiKTeX 2 UP 1) (preloaded format=latex 2000.11.28)  5 FEB 2009 19:49
**A*Schedule*for*Lazy*but*Smart*Ranchers.tex
(A Schedule for Lazy but Smart Ranchers.tex
LaTeX2e <2000/06/01>
Babel <v3.6Z> and hyphenation patterns for english, french, german, ngerman, du
mylang, nohyphenation, loaded.
(D:\PROGRA~1\latex\ctex\MiKTeX\TeXMF\tex\latex\base\article.cls
Document Class: article 2000/05/19 v1.4b Standard LaTeX document class
(D:\PROGRA~1\latex\ctex\MiKTeX\TeXMF\tex\latex\base\size12.clo
File: size12.clo 2000/05/19 v1.4b Standard LaTeX file (size option)
)
\c@part=\count79
\c@section=\count80
\c@subsection=\count81
\c@subsubsection=\count82
\c@paragraph=\count83
\c@subparagraph=\count84
\c@figure=\count85
\c@table=\count86
\abovecaptionskip=\skip41
\belowcaptionskip=\skip42
\bibindent=\dimen102
)
(D:\PROGRA~1\latex\ctex\MiKTeX\TeXMF\tex\latex\graphics\graphicx.sty
Package: graphicx 1999/02/16 v1.0f Enhanced LaTeX Graphics (DPC,SPQR)

(D:\PROGRA~1\latex\ctex\MiKTeX\TeXMF\tex\latex\graphics\keyval.sty
Package: keyval 1999/03/16 v1.13 key=value parser (DPC)
\KV@toks@=\toks14
)
(D:\PROGRA~1\latex\ctex\MiKTeX\TeXMF\tex\latex\graphics\graphics.sty
Package: graphics 1999/02/16 v1.0l Standard LaTeX Graphics (DPC,SPQR)

(D:\PROGRA~1\latex\ctex\MiKTeX\TeXMF\tex\latex\graphics\trig.sty
Package: trig 1999/03/16 v1.09 sin cos tan (DPC)
)
(D:\PROGRA~1\latex\ctex\MiKTeX\TeXMF\tex\latex\miktex\graphics.cfg)
Package graphics Info: Driver file: dvips.def on input line 80.

(D:\PROGRA~1\latex\ctex\MiKTeX\TeXMF\tex\latex\graphics\dvips.def
File: dvips.def 1999/02/16 v3.0i Driver-dependant file (DPC,SPQR)
))
\Gin@req@height=\dimen103
\Gin@req@width=\dimen104
)
(D:\PROGRA~1\latex\ctex\MiKTeX\TeXMF\tex\latex\amslatex\amsmath.sty
Package: amsmath 2000/06/06 v2.12 AMS math features
\@mathmargin=\skip43

For additional information on amsmath, use the `?' option.
(D:\PROGRA~1\latex\ctex\MiKTeX\TeXMF\tex\latex\amslatex\amstext.sty
Package: amstext 1999/11/15 v2.0

(D:\PROGRA~1\latex\ctex\MiKTeX\TeXMF\tex\latex\amslatex\amsgen.sty
File: amsgen.sty 1999/11/30 v2.0
\@emptytoks=\toks15
\ex@=\dimen105
))
(D:\PROGRA~1\latex\ctex\MiKTeX\TeXMF\tex\latex\amslatex\amsbsy.sty
Package: amsbsy 1999/11/29 v1.2d
\pmbraise@=\dimen106
)
(D:\PROGRA~1\latex\ctex\MiKTeX\TeXMF\tex\latex\amslatex\amsopn.sty
Package: amsopn 1999/12/14 v2.01 operator names
)
\inf@bad=\count87
LaTeX Info: Redefining \frac on input line 211.
\uproot@=\count88
\leftroot@=\count89
LaTeX Info: Redefining \overline on input line 307.
\classnum@=\count90
\DOTSCASE@=\count91
LaTeX Info: Redefining \ldots on input line 379.
LaTeX Info: Redefining \dots on input line 382.
LaTeX Info: Redefining \cdots on input line 467.
\Mathstrutbox@=\box26
\strutbox@=\box27
\big@size=\dimen107
LaTeX Font Info:    Redeclaring font encoding OML on input line 567.
LaTeX Font Info:    Redeclaring font encoding OMS on input line 568.
\macc@depth=\count92
\c@MaxMatrixCols=\count93
\dotsspace@=\muskip10
\c@parentequation=\count94
\dspbrk@lvl=\count95
\tag@help=\toks16
\row@=\count96
\column@=\count97
\maxfields@=\count98
\andhelp@=\toks17
\eqnshift@=\dimen108
\alignsep@=\dimen109
\tagshift@=\dimen110
\tagwidth@=\dimen111
\totwidth@=\dimen112
\lineht@=\dimen113
\@envbody=\toks18
\multlinegap=\skip44
\multlinetaggap=\skip45
\mathdisplay@stack=\toks19
LaTeX Info: Redefining \[ on input line 2662.
LaTeX Info: Redefining \] on input line 2663.
)
(D:\PROGRA~1\latex\ctex\MiKTeX\TeXMF\tex\latex\amslatex\amsthm.sty
Package: amsthm 2000/06/02 v2.07
\thm@style=\toks20
\thm@bodyfont=\toks21
\thm@headfont=\toks22
\thm@notefont=\toks23
\thm@headpunct=\toks24
\thm@preskip=\skip46
\thm@postskip=\skip47
\thm@headsep=\skip48
\dth@everypar=\toks25
)

! LaTeX Error: File `fancyheadings.sty' not found.

Type X to quit or <RETURN> to proceed,
or enter new name. (Default extension: sty)

Enter file name: 
(D:\PROGRA~1\latex\ctex\MiKTeX\LocalTeXMF\tex\latex\lastpage\lastpage.sty
Package: lastpage 1994/06/25 v0.1b LaTeX2e package for refs to last page number
 (JPG)
)
(D:\PROGRA~1\latex\ctex\MiKTeX\TeXMF\tex\latex\graphics\epsfig.sty
Package: epsfig 1999/02/16 v1.7a (e)psfig emulation (SPQR)
\epsfxsize=\dimen114
\epsfysize=\dimen115
)
(D:\PROGRA~1\latex\ctex\MiKTeX\TeXMF\tex\latex\base\latexsym.sty
Package: latexsym 1998/08/17 v2.2e Standard LaTeX package (lasy symbols)
\symlasy=\mathgroup4
LaTeX Font Info:    Overwriting symbol font `lasy' in version `bold'
(Font)                  U/lasy/m/n --> U/lasy/b/n on input line 42.
)
(D:\PROGRA~1\latex\ctex\MiKTeX\TeXMF\tex\latex\amsfonts\amssymb.sty
Package: amssymb 1996/11/03 v2.2b

(D:\PROGRA~1\latex\ctex\MiKTeX\TeXMF\tex\latex\amsfonts\amsfonts.sty
Package: amsfonts 1997/09/17 v2.2e
\symAMSa=\mathgroup5
\symAMSb=\mathgroup6
LaTeX Font Info:    Overwriting math alphabet `\mathfrak' in version `bold'
(Font)                  U/euf/m/n --> U/euf/b/n on input line 133.
))
(D:\PROGRA~1\latex\ctex\MiKTeX\LocalTeXMF\tex\latex\fancyhdr\fancyhdr.sty
\headwidth=\dimen116
)
(D:\PROGRA~1\latex\ctex\MiKTeX\TeXMF\tex\latex\tools\array.sty
Package: array 1998/05/13 v2.3m Tabular extension package (FMi)
\col@sep=\dimen117
\extrarowheight=\dimen118
\NC@list=\toks26
\extratabsurround=\skip49
\backup@length=\skip50
)
(D:\PROGRA~1\latex\ctex\MiKTeX\LocalTeXMF\tex\latex\ltxmisc\picinpar.sty
Pictures in Paragraphs. Version 1.2a, July 13, 1993
\br=\count99
\bl=\count100
\na=\count101
\nb=\count102
\tcdsav=\count103
\tcl=\count104
\tcd=\count105
\tcn=\count106
\cumtcl=\count107
\cumpartcl=\count108
\lftside=\dimen119
\rtside=\dimen120
\hpic=\dimen121
\vpic=\dimen122
\strutilg=\dimen123
\picwd=\dimen124
\topheight=\dimen125
\ilg=\dimen126
\lpic=\dimen127
\lwindowsep=\dimen128
\rwindowsep=\dimen129
\cumpar=\dimen130
\twa=\toks27
\la=\toks28
\ra=\toks29
\ha=\toks30
\pictoc=\toks31
\rawtext=\box28
\holder=\box29
\windowbox=\box30
\wartext=\box31
\finaltext=\box32
\aslice=\box33
\bslice=\box34
\wbox=\box35
\wstrutbox=\box36
\picbox=\box37
\waslice=\box38
\wbslice=\box39
\fslice=\box40
) (D:\PROGRA~1\latex\ctex\MiKTeX\LocalTeXMF\tex\latex\clatex\emlines2.sty)
(D:\PROGRA~1\latex\ctex\MiKTeX\TeXMF\tex\generic\dvips\epsf.sty
This is `epsf.tex' v2.7 <25 October 1996>
\epsffilein=\read1
\epsfframemargin=\dimen131
\epsfframethickness=\dimen132
\epsfrsize=\dimen133
\epsftmp=\dimen134
\epsftsize=\dimen135
\epsfxsize=\dimen136
\epsfysize=\dimen137
\pspoints=\dimen138
) (A Schedule for Lazy but Smart Ranchers.aux

LaTeX Warning: Label `1' multiply defined.


LaTeX Warning: Label `1' multiply defined.


LaTeX Warning: Label `1' multiply defined.

)
LaTeX Font Info:    Checking defaults for OML/cmm/m/it on input line 20.
LaTeX Font Info:    ... okay on input line 20.
LaTeX Font Info:    Checking defaults for T1/cmr/m/n on input line 20.
LaTeX Font Info:    ... okay on input line 20.
LaTeX Font Info:    Checking defaults for OT1/cmr/m/n on input line 20.
LaTeX Font Info:    ... okay on input line 20.
LaTeX Font Info:    Checking defaults for OMS/cmsy/m/n on input line 20.
LaTeX Font Info:    ... okay on input line 20.
LaTeX Font Info:    Checking defaults for OMX/cmex/m/n on input line 20.
LaTeX Font Info:    ... okay on input line 20.
LaTeX Font Info:    Checking defaults for U/cmr/m/n on input line 20.
LaTeX Font Info:    ... okay on input line 20.
LaTeX Font Info:    Try loading font information for U+lasy on input line 28.
 (D:\PROGRA~1\latex\ctex\MiKTeX\TeXMF\tex\latex\base\ulasy.fd
File: ulasy.fd 1998/08/17 v2.2eLaTeX symbol font definitions
)
LaTeX Font Info:    Try loading font information for U+msa on input line 28.

(D:\PROGRA~1\latex\ctex\MiKTeX\TeXMF\tex\latex\amsfonts\umsa.fd
File: umsa.fd 1995/01/05 v2.2e AMS font definitions
)
LaTeX Font Info:    Try loading font information for U+msb on input line 28.

(D:\PROGRA~1\latex\ctex\MiKTeX\TeXMF\tex\latex\amsfonts\umsb.fd
File: umsb.fd 1995/01/05 v2.2e AMS font definitions
) [1

]
Runaway argument?
! Paragraph ended before \setlength was complete.
<to be read again> 
                   \par 
l.32 
     
? 
[1] (A Schedule for Lazy but Smart Ranchers.toc)
\tf@toc=\write3

Overfull \vbox (2.49998pt too high) has occurred while \output is active []


[1]
LaTeX Font Info:    Try loading font information for OMS+cmr on input line 94.
 (D:\PROGRA~1\latex\ctex\MiKTeX\TeXMF\tex\latex\base\omscmr.fd
File: omscmr.fd 1999/05/25 v2.5h Standard LaTeX font definitions
)
LaTeX Font Info:    Font shape `OMS/cmr/m/n' in size <12> not available
(Font)              Font shape `OMS/cmsy/m/n' tried instead on input line 94.

! Misplaced alignment tab character &.
l.108 ...ler (see details in Information &
                                           Analysis of Sprinklers sec...
? 

Overfull \vbox (2.49998pt too high) has occurred while \output is active []


[2]
! Missing $ inserted.
<inserted text> 
                $
l.122 \multicolumn{1}{c}{p_{in}}
                                 & Water pressure in the pipe before ...
? 
! Missing $ inserted.
<inserted text> 
                $
l.122 \multicolumn{1}{c}{p_{in}}
                                 & Water pressure in the pipe before ...
? 

Overfull \vbox (2.49998pt too high) has occurred while \output is active []


[3]
File: fig01.eps Graphic file (type eps)
 <fig01.eps>
File: fig02.eps Graphic file (type eps)
 <fig02.eps>
Overfull \vbox (2.49998pt too high) has occurred while \output is active []


[4]
Overfull \vbox (2.49998pt too high) has occurred while \output is active []


[5]
Overfull \vbox (2.49998pt too high) has occurred while \output is active []


[6]
Overfull \vbox (2.49998pt too high) has occurred while \output is active []


[7]
Overfull \vbox (2.49998pt too high) has occurred while \output is active []


[8]
File: fig03.eps Graphic file (type eps)
 <fig03.eps>
Overfull \vbox (2.49998pt too high) has occurred while \output is active []


[9]
File: fig04.eps Graphic file (type eps)
 <fig04.eps>
File: fig05.eps Graphic file (type eps)
 <fig05.eps>
Overfull \vbox (2.49998pt too high) has occurred while \output is active []


[10]
Overfull \vbox (2.49998pt too high) has occurred while \output is active []


[11]
File: fig06.eps Graphic file (type eps)
 <fig06.eps>
File: fig07.eps Graphic file (type eps)
 <fig07.eps>
Overfull \vbox (2.49998pt too high) has occurred while \output is active []


[12]
File: fig08.eps Graphic file (type eps)
 <fig08.eps>
File: fig09.eps Graphic file (type eps)
 <fig09.eps>
Overfull \vbox (2.49998pt too high) has occurred while \output is active []


[13]
File: fig10.eps Graphic file (type eps)
 <fig10.eps>
File: fig11.eps Graphic file (type eps)
 <fig11.eps>
Overfull \vbox (2.49998pt too high) has occurred while \output is active []


[14]
File: fig12.eps Graphic file (type eps)
 <fig12.eps>
File: fig13.eps Graphic file (type eps)
 <fig13.eps>
Overfull \vbox (2.49998pt too high) has occurred while \output is active []


[15]
File: fig14.eps Graphic file (type eps)
 <fig14.eps>
File: fig15.eps Graphic file (type eps)
 <fig15.eps>
Overfull \vbox (2.49998pt too high) has occurred while \output is active []


[16]
File: fig161.eps Graphic file (type eps)
 <fig161.eps>
File: fig162.eps Graphic file (type eps)
 <fig162.eps>
Overfull \vbox (2.49998pt too high) has occurred while \output is active []


[17]
File: fig171.eps Graphic file (type eps)
 <fig171.eps>
File: fig172.eps Graphic file (type eps)
 <fig172.eps>
File: fig18.eps Graphic file (type eps)
 <fig18.eps>
Overfull \vbox (2.49998pt too high) has occurred while \output is active []


[18]
File: fig19.eps Graphic file (type eps)
 <fig19.eps>
Overfull \vbox (2.49998pt too high) has occurred while \output is active []


[19]
Overfull \vbox (2.49998pt too high) has occurred while \output is active []


[20]
Overfull \vbox (2.49998pt too high) has occurred while \output is active []


[21]
Overfull \vbox (2.49998pt too high) has occurred while \output is active []


[22]
Overfull \vbox (2.49998pt too high) has occurred while \output is active []


[23]
Overfull \vbox (2.49998pt too high) has occurred while \output is active []


[24]
Overfull \vbox (2.49998pt too high) has occurred while \output is active []


[25]
Underfull \hbox (badness 3138) in paragraph at lines 977--979
[][]\OT1/cmr/m/n/12 Wikipedia, the free en-cy-clo-pe-dia - en-try: Bernoulli's 
equa-tion,
 []


Overfull \hbox (68.3758pt too wide) in paragraph at lines 983--987
\OT1/cmr/m/n/12 http://www.irri-net.org/documents/sprinkle%20and%20trickle%20ir
rigation.pdf:p.25-
 []

AED: lastpage setting LastPage
Overfull \vbox (2.49998pt too high) has occurred while \output is active []


[26] (A Schedule for Lazy but Smart Ranchers.aux)

LaTeX Warning: There were multiply-defined labels.

 )
Output written on "A Schedule for Lazy but Smart Ranchers.dvi" (28 pages, 60176
 bytes).
