This is TeX, Version 3.14159 (MiKTeX 2 UP 1) (preloaded format=latex 2000.11.28)  5 FEB 2009 19:48
**Cardboard*Comfortable*When*it*Comes*to*Crashing.TEX
(Cardboard Comfortable When it Comes to Crashing.TEX
LaTeX2e <2000/06/01>
Babel <v3.6Z> and hyphenation patterns for english, french, german, ngerman, du
mylang, nohyphenation, loaded.
(D:\PROGRA~1\latex\ctex\MiKTeX\TeXMF\tex\latex\base\article.cls
Document Class: article 2000/05/19 v1.4b Standard LaTeX document class
(D:\PROGRA~1\latex\ctex\MiKTeX\TeXMF\tex\latex\base\size12.clo
File: size12.clo 2000/05/19 v1.4b Standard LaTeX file (size option)
)
\c@part=\count79
\c@section=\count80
\c@subsection=\count81
\c@subsubsection=\count82
\c@paragraph=\count83
\c@subparagraph=\count84
\c@figure=\count85
\c@table=\count86
\abovecaptionskip=\skip41
\belowcaptionskip=\skip42
\bibindent=\dimen102
)
(D:\PROGRA~1\latex\ctex\MiKTeX\TeXMF\tex\latex\graphics\graphicx.sty
Package: graphicx 1999/02/16 v1.0f Enhanced LaTeX Graphics (DPC,SPQR)

(D:\PROGRA~1\latex\ctex\MiKTeX\TeXMF\tex\latex\graphics\keyval.sty
Package: keyval 1999/03/16 v1.13 key=value parser (DPC)
\KV@toks@=\toks14
)
(D:\PROGRA~1\latex\ctex\MiKTeX\TeXMF\tex\latex\graphics\graphics.sty
Package: graphics 1999/02/16 v1.0l Standard LaTeX Graphics (DPC,SPQR)

(D:\PROGRA~1\latex\ctex\MiKTeX\TeXMF\tex\latex\graphics\trig.sty
Package: trig 1999/03/16 v1.09 sin cos tan (DPC)
)
(D:\PROGRA~1\latex\ctex\MiKTeX\TeXMF\tex\latex\miktex\graphics.cfg)
Package graphics Info: Driver file: dvips.def on input line 80.

(D:\PROGRA~1\latex\ctex\MiKTeX\TeXMF\tex\latex\graphics\dvips.def
File: dvips.def 1999/02/16 v3.0i Driver-dependant file (DPC,SPQR)
))
\Gin@req@height=\dimen103
\Gin@req@width=\dimen104
)
(D:\PROGRA~1\latex\ctex\MiKTeX\TeXMF\tex\latex\amslatex\amsmath.sty
Package: amsmath 2000/06/06 v2.12 AMS math features
\@mathmargin=\skip43

For additional information on amsmath, use the `?' option.
(D:\PROGRA~1\latex\ctex\MiKTeX\TeXMF\tex\latex\amslatex\amstext.sty
Package: amstext 1999/11/15 v2.0

(D:\PROGRA~1\latex\ctex\MiKTeX\TeXMF\tex\latex\amslatex\amsgen.sty
File: amsgen.sty 1999/11/30 v2.0
\@emptytoks=\toks15
\ex@=\dimen105
))
(D:\PROGRA~1\latex\ctex\MiKTeX\TeXMF\tex\latex\amslatex\amsbsy.sty
Package: amsbsy 1999/11/29 v1.2d
\pmbraise@=\dimen106
)
(D:\PROGRA~1\latex\ctex\MiKTeX\TeXMF\tex\latex\amslatex\amsopn.sty
Package: amsopn 1999/12/14 v2.01 operator names
)
\inf@bad=\count87
LaTeX Info: Redefining \frac on input line 211.
\uproot@=\count88
\leftroot@=\count89
LaTeX Info: Redefining \overline on input line 307.
\classnum@=\count90
\DOTSCASE@=\count91
LaTeX Info: Redefining \ldots on input line 379.
LaTeX Info: Redefining \dots on input line 382.
LaTeX Info: Redefining \cdots on input line 467.
\Mathstrutbox@=\box26
\strutbox@=\box27
\big@size=\dimen107
LaTeX Font Info:    Redeclaring font encoding OML on input line 567.
LaTeX Font Info:    Redeclaring font encoding OMS on input line 568.
\macc@depth=\count92
\c@MaxMatrixCols=\count93
\dotsspace@=\muskip10
\c@parentequation=\count94
\dspbrk@lvl=\count95
\tag@help=\toks16
\row@=\count96
\column@=\count97
\maxfields@=\count98
\andhelp@=\toks17
\eqnshift@=\dimen108
\alignsep@=\dimen109
\tagshift@=\dimen110
\tagwidth@=\dimen111
\totwidth@=\dimen112
\lineht@=\dimen113
\@envbody=\toks18
\multlinegap=\skip44
\multlinetaggap=\skip45
\mathdisplay@stack=\toks19
LaTeX Info: Redefining \[ on input line 2662.
LaTeX Info: Redefining \] on input line 2663.
)
(D:\PROGRA~1\latex\ctex\MiKTeX\TeXMF\tex\latex\amslatex\amsthm.sty
Package: amsthm 2000/06/02 v2.07
\thm@style=\toks20
\thm@bodyfont=\toks21
\thm@headfont=\toks22
\thm@notefont=\toks23
\thm@headpunct=\toks24
\thm@preskip=\skip46
\thm@postskip=\skip47
\thm@headsep=\skip48
\dth@everypar=\toks25
)

! LaTeX Error: File `fancyheadings.sty' not found.

Type X to quit or <RETURN> to proceed,
or enter new name. (Default extension: sty)

Enter file name: 
(D:\PROGRA~1\latex\ctex\MiKTeX\LocalTeXMF\tex\latex\lastpage\lastpage.sty
Package: lastpage 1994/06/25 v0.1b LaTeX2e package for refs to last page number
 (JPG)
)
(D:\PROGRA~1\latex\ctex\MiKTeX\TeXMF\tex\latex\graphics\epsfig.sty
Package: epsfig 1999/02/16 v1.7a (e)psfig emulation (SPQR)
\epsfxsize=\dimen114
\epsfysize=\dimen115
)
(D:\PROGRA~1\latex\ctex\MiKTeX\TeXMF\tex\latex\base\latexsym.sty
Package: latexsym 1998/08/17 v2.2e Standard LaTeX package (lasy symbols)
\symlasy=\mathgroup4
LaTeX Font Info:    Overwriting symbol font `lasy' in version `bold'
(Font)                  U/lasy/m/n --> U/lasy/b/n on input line 42.
)
(D:\PROGRA~1\latex\ctex\MiKTeX\TeXMF\tex\latex\amsfonts\amssymb.sty
Package: amssymb 1996/11/03 v2.2b

(D:\PROGRA~1\latex\ctex\MiKTeX\TeXMF\tex\latex\amsfonts\amsfonts.sty
Package: amsfonts 1997/09/17 v2.2e
\symAMSa=\mathgroup5
\symAMSb=\mathgroup6
LaTeX Font Info:    Overwriting math alphabet `\mathfrak' in version `bold'
(Font)                  U/euf/m/n --> U/euf/b/n on input line 133.
))
(D:\PROGRA~1\latex\ctex\MiKTeX\LocalTeXMF\tex\latex\fancyhdr\fancyhdr.sty
\headwidth=\dimen116
)
(D:\PROGRA~1\latex\ctex\MiKTeX\TeXMF\tex\latex\tools\array.sty
Package: array 1998/05/13 v2.3m Tabular extension package (FMi)
\col@sep=\dimen117
\extrarowheight=\dimen118
\NC@list=\toks26
\extratabsurround=\skip49
\backup@length=\skip50
)
(D:\PROGRA~1\latex\ctex\MiKTeX\LocalTeXMF\tex\latex\ltxmisc\picinpar.sty
Pictures in Paragraphs. Version 1.2a, July 13, 1993
\br=\count99
\bl=\count100
\na=\count101
\nb=\count102
\tcdsav=\count103
\tcl=\count104
\tcd=\count105
\tcn=\count106
\cumtcl=\count107
\cumpartcl=\count108
\lftside=\dimen119
\rtside=\dimen120
\hpic=\dimen121
\vpic=\dimen122
\strutilg=\dimen123
\picwd=\dimen124
\topheight=\dimen125
\ilg=\dimen126
\lpic=\dimen127
\lwindowsep=\dimen128
\rwindowsep=\dimen129
\cumpar=\dimen130
\twa=\toks27
\la=\toks28
\ra=\toks29
\ha=\toks30
\pictoc=\toks31
\rawtext=\box28
\holder=\box29
\windowbox=\box30
\wartext=\box31
\finaltext=\box32
\aslice=\box33
\bslice=\box34
\wbox=\box35
\wstrutbox=\box36
\picbox=\box37
\waslice=\box38
\wbslice=\box39
\fslice=\box40
) (D:\PROGRA~1\latex\ctex\MiKTeX\LocalTeXMF\tex\latex\clatex\emlines2.sty)
(D:\PROGRA~1\latex\ctex\MiKTeX\TeXMF\tex\generic\dvips\epsf.sty
This is `epsf.tex' v2.7 <25 October 1996>
\epsffilein=\read1
\epsfframemargin=\dimen131
\epsfframethickness=\dimen132
\epsfrsize=\dimen133
\epsftmp=\dimen134
\epsftsize=\dimen135
\epsfxsize=\dimen136
\epsfysize=\dimen137
\pspoints=\dimen138
) (Cardboard Comfortable When it Comes to Crashing.aux)
LaTeX Font Info:    Checking defaults for OML/cmm/m/it on input line 19.
LaTeX Font Info:    ... okay on input line 19.
LaTeX Font Info:    Checking defaults for T1/cmr/m/n on input line 19.
LaTeX Font Info:    ... okay on input line 19.
LaTeX Font Info:    Checking defaults for OT1/cmr/m/n on input line 19.
LaTeX Font Info:    ... okay on input line 19.
LaTeX Font Info:    Checking defaults for OMS/cmsy/m/n on input line 19.
LaTeX Font Info:    ... okay on input line 19.
LaTeX Font Info:    Checking defaults for OMX/cmex/m/n on input line 19.
LaTeX Font Info:    ... okay on input line 19.
LaTeX Font Info:    Checking defaults for U/cmr/m/n on input line 19.
LaTeX Font Info:    ... okay on input line 19.
LaTeX Font Info:    Try loading font information for U+lasy on input line 27.

(D:\PROGRA~1\latex\ctex\MiKTeX\TeXMF\tex\latex\base\ulasy.fd
File: ulasy.fd 1998/08/17 v2.2eLaTeX symbol font definitions
)
LaTeX Font Info:    Try loading font information for U+msa on input line 27.

(D:\PROGRA~1\latex\ctex\MiKTeX\TeXMF\tex\latex\amsfonts\umsa.fd
File: umsa.fd 1995/01/05 v2.2e AMS font definitions
)
LaTeX Font Info:    Try loading font information for U+msb on input line 27.

(D:\PROGRA~1\latex\ctex\MiKTeX\TeXMF\tex\latex\amsfonts\umsb.fd
File: umsb.fd 1995/01/05 v2.2e AMS font definitions
) [1

]
Runaway argument?
! Paragraph ended before \setlength was complete.
<to be read again> 
                   \par 
l.31 
     
? 
[1] (Cardboard Comfortable When it Comes to Crashing.toc)
\tf@toc=\write3

Overfull \vbox (2.49998pt too high) has occurred while \output is active []


[1]
File: whee.eps Graphic file (type eps)
 <whee.eps>
Overfull \vbox (2.49998pt too high) has occurred while \output is active []


[2]
Overfull \hbox (3.42595pt too wide) in paragraph at lines 112--114
[][]\OT1/cmr/m/n/12 First we in-ves-ti-gate the re-la-tion-ship be-tween the si
ze/shape/material
 []


Overfull \vbox (2.49998pt too high) has occurred while \output is active []


[3]
LaTeX Font Info:    Try loading font information for OMS+cmr on input line 147.

 (D:\PROGRA~1\latex\ctex\MiKTeX\TeXMF\tex\latex\base\omscmr.fd
File: omscmr.fd 1999/05/25 v2.5h Standard LaTeX font definitions
)
LaTeX Font Info:    Font shape `OMS/cmr/m/n' in size <12> not available
(Font)              Font shape `OMS/cmsy/m/n' tried instead on input line 147.
File: fall4.eps Graphic file (type eps)
 <fall4.eps>
Overfull \vbox (2.49998pt too high) has occurred while \output is active []


[4]
File: crease.eps Graphic file (type eps)
 <crease.eps>
Overfull \vbox (2.49998pt too high) has occurred while \output is active []


[5]
Overfull \vbox (2.49998pt too high) has occurred while \output is active []


[6]
Overfull \vbox (2.49998pt too high) has occurred while \output is active []


[7]
Overfull \vbox (2.49998pt too high) has occurred while \output is active []


[8]
Overfull \vbox (2.49998pt too high) has occurred while \output is active []


[9]
File: correct_airres.eps Graphic file (type eps)
 <correct_airres.eps>
File: uncer.eps Graphic file (type eps)
 <uncer.eps>
Overfull \vbox (2.49998pt too high) has occurred while \output is active []


[10]
Overfull \vbox (2.49998pt too high) has occurred while \output is active []


[11]
File: crush2.eps Graphic file (type eps)
 <crush2.eps>
Overfull \vbox (2.49998pt too high) has occurred while \output is active []


[12]
Overfull \vbox (2.49998pt too high) has occurred while \output is active []


[13]
Overfull \vbox (2.49998pt too high) has occurred while \output is active []


[14]
Overfull \hbox (2.66104pt too wide) in paragraph at lines 507--525
 [][] 
 []

File: stacktypes.eps Graphic file (type eps)
<stacktypes.eps>
File: trajectories.eps Graphic file (type eps)
 <trajectories.eps>
File: velocity_case_1_linear.eps Graphic file (type eps)
 <velocity_case_1_linear.eps>
Overfull \vbox (2.49998pt too high) has occurred while \output is active []


[15]
Overfull \vbox (2.49998pt too high) has occurred while \output is active []


[16]
Overfull \vbox (2.49998pt too high) has occurred while \output is active []


[17]
Overfull \vbox (2.49998pt too high) has occurred while \output is active []


[18]
Overfull \vbox (2.49998pt too high) has occurred while \output is active []


[19]
File: separation.eps Graphic file (type eps)
 <separation.eps>
Overfull \vbox (2.49998pt too high) has occurred while \output is active []


[20]
File: person_crash.eps Graphic file (type eps)
 <person_crash.eps>
Overfull \vbox (2.49998pt too high) has occurred while \output is active []


[21]
Overfull \vbox (2.49998pt too high) has occurred while \output is active []


[22]
File: case73.eps Graphic file (type eps)
 <case73.eps>
Overfull \vbox (2.49998pt too high) has occurred while \output is active []


[23]
Underfull \hbox (badness 4316) in paragraph at lines 724--725
[][]\OT1/cmr/m/n/12 http://aerodyn.org/Drag/tables.html#man, Ac-cessed Feb. 8th
,
 []


Underfull \hbox (badness 4686) in paragraph at lines 726--727
[][]\OT1/cmr/m/n/12 http://www.affordable-removals.co.uk/stacked[]boxes.gif, Ac
-cessed
 []


Overfull \hbox (10.64114pt too wide) in paragraph at lines 727--728
[][]\OT1/cmr/m/n/12 http://www.cam.ac.uk/societies/cuecs/addenbrook/addenbrook.
html,
 []


Overfull \hbox (105.19322pt too wide) in paragraph at lines 728--729
\OT1/cmr/m/n/12 http://www.mtm.kuleuven.ac.be/Research/C2/poly/downloads/SC5[]T
orHex[]Paper.pdf,
 []


Overfull \hbox (27.58707pt too wide) in paragraph at lines 729--730
[][]\OT1/cmr/m/n/12 http://www.journeywoman.com/traveltales/chinese[]english[]t
eacher.html,
 []


Underfull \hbox (badness 10000) in paragraph at lines 730--731
[][]\OT1/cmr/m/n/12 http://www.scapackaging.com/doc/Corrugated[]Glossary[]-
 []


Underfull \hbox (badness 10000) in paragraph at lines 731--732
[][]\OT1/cmr/m/n/12 http://www.vegsoc.org/vegginout/images/elephant.gif, Ac-ces
sed
 []


Underfull \hbox (badness 10000) in paragraph at lines 732--733
[][]\OT1/cmr/m/n/12 http://www.tis-gdv.de/tis[]e/verpack/papier/begriffe/begrif
fe.htm,
 []


Overfull \hbox (27.41736pt too wide) in paragraph at lines 733--734
[][]\OT1/cmr/m/n/12 http://www.tharco.com/packinginfo/environmental/alternative
rule.html,
 []

AED: lastpage setting LastPage
Overfull \vbox (2.49998pt too high) has occurred while \output is active []


[24] (Cardboard Comfortable When it Comes to Crashing.aux) )
Output written on "Cardboard Comfortable When it Comes to Crashing.dvi" (26 pag
es, 72444 bytes).
